This is pdfTeXk, Version 3.1415926-1.40.9 (Web2C 7.5.7) (format=pdflatex 2009.4.23)  13 JUN 2009 15:02
entering extended mode
 %&-line parsing enabled.
**"Pavlova Rigobon.tex"
(./Pavlova Rigobon.tex
LaTeX2e <2005/12/01>
Babel <v3.8l> and hyphenation patterns for english, usenglishmax, dumylang, noh
yphenation, german-x-2008-06-18, ngerman-x-2008-06-18, ancientgreek, ibycus, ar
abic, basque, bulgarian, catalan, pinyin, coptic, croatian, czech, danish, dutc
h, esperanto, estonian, farsi, finnish, french, galician, german, ngerman, mono
greek, greek, hungarian, icelandic, indonesian, interlingua, irish, italian, la
tin, mongolian, mongolian2a, bokmal, nynorsk, polish, portuguese, romanian, rus
sian, sanskrit, serbian, slovak, slovenian, spanish, swedish, turkish, ukenglis
h, ukrainian, uppersorbian, welsh, loaded.
(c:/Program Files/texlive/2008/texmf-dist/tex/latex/base/article.cls
Document Class: article 2005/09/16 v1.4f Standard LaTeX document class
(c:/Program Files/texlive/2008/texmf-dist/tex/latex/base/size10.clo
File: size10.clo 2005/09/16 v1.4f Standard LaTeX file (size option)
)
\c@part=\count79
\c@section=\count80
\c@subsection=\count81
\c@subsubsection=\count82
\c@paragraph=\count83
\c@subparagraph=\count84
\c@figure=\count85
\c@table=\count86
\abovecaptionskip=\skip41
\belowcaptionskip=\skip42
\bibindent=\dimen102
)
(c:/Program Files/texlive/2008/texmf-dist/tex/latex/amsmath/amsmath.sty
Package: amsmath 2000/07/18 v2.13 AMS math features
\@mathmargin=\skip43

For additional information on amsmath, use the `?' option.
(c:/Program Files/texlive/2008/texmf-dist/tex/latex/amsmath/amstext.sty
Package: amstext 2000/06/29 v2.01

(c:/Program Files/texlive/2008/texmf-dist/tex/latex/amsmath/amsgen.sty
File: amsgen.sty 1999/11/30 v2.0
\@emptytoks=\toks14
\ex@=\dimen103
))
(c:/Program Files/texlive/2008/texmf-dist/tex/latex/amsmath/amsbsy.sty
Package: amsbsy 1999/11/29 v1.2d
\pmbraise@=\dimen104
)
(c:/Program Files/texlive/2008/texmf-dist/tex/latex/amsmath/amsopn.sty
Package: amsopn 1999/12/14 v2.01 operator names
)
\inf@bad=\count87
LaTeX Info: Redefining \frac on input line 211.
\uproot@=\count88
\leftroot@=\count89
LaTeX Info: Redefining \overline on input line 307.
\classnum@=\count90
\DOTSCASE@=\count91
LaTeX Info: Redefining \ldots on input line 379.
LaTeX Info: Redefining \dots on input line 382.
LaTeX Info: Redefining \cdots on input line 467.
\Mathstrutbox@=\box26
\strutbox@=\box27
\big@size=\dimen105
LaTeX Font Info:    Redeclaring font encoding OML on input line 567.
LaTeX Font Info:    Redeclaring font encoding OMS on input line 568.
\macc@depth=\count92
\c@MaxMatrixCols=\count93
\dotsspace@=\muskip10
\c@parentequation=\count94
\dspbrk@lvl=\count95
\tag@help=\toks15
\row@=\count96
\column@=\count97
\maxfields@=\count98
\andhelp@=\toks16
\eqnshift@=\dimen106
\alignsep@=\dimen107
\tagshift@=\dimen108
\tagwidth@=\dimen109
\totwidth@=\dimen110
\lineht@=\dimen111
\@envbody=\toks17
\multlinegap=\skip44
\multlinetaggap=\skip45
\mathdisplay@stack=\toks18
LaTeX Info: Redefining \[ on input line 2666.
LaTeX Info: Redefining \] on input line 2667.
)
(./Pavlova Rigobon.aux)
\openout1 = `"Pavlova Rigobon.aux"'.

LaTeX Font Info:    Checking defaults for OML/cmm/m/it on input line 10.
LaTeX Font Info:    ... okay on input line 10.
LaTeX Font Info:    Checking defaults for T1/cmr/m/n on input line 10.
LaTeX Font Info:    ... okay on input line 10.
LaTeX Font Info:    Checking defaults for OT1/cmr/m/n on input line 10.
LaTeX Font Info:    ... okay on input line 10.
LaTeX Font Info:    Checking defaults for OMS/cmsy/m/n on input line 10.
LaTeX Font Info:    ... okay on input line 10.
LaTeX Font Info:    Checking defaults for OMX/cmex/m/n on input line 10.
LaTeX Font Info:    ... okay on input line 10.
LaTeX Font Info:    Checking defaults for U/cmr/m/n on input line 10.
LaTeX Font Info:    ... okay on input line 10.

Underfull \hbox (badness 10000) in paragraph at lines 12--13

 []


Underfull \hbox (badness 10000) in paragraph at lines 14--15

 []


Underfull \hbox (badness 10000) in paragraph at lines 16--17

 []


Underfull \hbox (badness 10000) in paragraph at lines 37--39

 []


Underfull \hbox (badness 10000) in paragraph at lines 40--41

 []


Underfull \hbox (badness 10000) in paragraph at lines 42--43

 []


Underfull \hbox (badness 10000) in paragraph at lines 44--47

 []


Underfull \hbox (badness 10000) in paragraph at lines 48--51

 []


Underfull \hbox (badness 10000) in paragraph at lines 52--53

 []

[1

{c:/Program Files/texlive/2008/texmf-var/fonts/map/pdftex/updmap/pdftex.map}]
Underfull \hbox (badness 10000) in paragraph at lines 54--56

 []


Underfull \hbox (badness 10000) in paragraph at lines 57--58

 []


Underfull \hbox (badness 10000) in paragraph at lines 59--60

 []


Underfull \hbox (badness 10000) in paragraph at lines 70--72

 []


Underfull \hbox (badness 10000) in paragraph at lines 73--74

 []


Underfull \hbox (badness 10000) in paragraph at lines 75--76

 []


Overfull \hbox (3.22221pt too wide) in alignment at lines 79--85
 [][][] []
 []


Underfull \hbox (badness 10000) in paragraph at lines 85--87

 []


Underfull \hbox (badness 10000) in paragraph at lines 88--89

 []


Underfull \hbox (badness 10000) in paragraph at lines 90--91

 []


Underfull \hbox (badness 10000) in paragraph at lines 92--93

 []

[2]
Underfull \hbox (badness 10000) in paragraph at lines 94--96

 []


Overfull \hbox (86.02377pt too wide) in alignment at lines 98--101
 [][][] []
 []


Underfull \hbox (badness 10000) in paragraph at lines 109--113

 []

[3]
Underfull \hbox (badness 10000) in paragraph at lines 136--138

 []


Underfull \hbox (badness 10000) in paragraph at lines 139--140

 []


Underfull \hbox (badness 10000) in paragraph at lines 151--152

 []


Underfull \hbox (badness 10000) in paragraph at lines 157--159

 []


Underfull \hbox (badness 10000) in paragraph at lines 160--161

 []

[4]
Overfull \hbox (11.58817pt too wide) in alignment at lines 163--183
 [][][] []
 []


Overfull \hbox (59.46889pt too wide) in alignment at lines 186--211
 [][][] []
 []

[5]
Overfull \vbox (12.29936pt too high) has occurred while \output is active []


[6]
Overfull \vbox (45.44946pt too high) has occurred while \output is active []


[7]
Overfull \hbox (25.405pt too wide) in alignment at lines 263--287
 [][][] []
 []

[8] [9]
Underfull \hbox (badness 10000) in paragraph at lines 313--322

 []

[10] (./Pavlova Rigobon.aux) ) 
Here is how much of TeX's memory you used:
 810 strings out of 493886
 9209 string characters out of 1148984
 79717 words of memory out of 3000000
 4148 multiletter control sequences out of 10000+50000
 5007 words of font info for 19 fonts, out of 3000000 for 5000
 714 hyphenation exceptions out of 8191
 27i,9n,20p,412b,123s stack positions out of 5000i,500n,10000p,200000b,50000s
<c:/Program Files/texlive/2008/texmf-dist/fonts/t
ype1/bluesky/cm/cmbx10.pfb><c:/Program Files/texlive/2008/texmf-dist/fonts/type
1/bluesky/cm/cmbx12.pfb><c:/Program Files/texlive/2008/texmf-dist/fonts/type1/b
luesky/cm/cmex10.pfb><c:/Program Files/texlive/2008/texmf-dist/fonts/type1/blue
sky/cm/cmmi10.pfb><c:/Program Files/texlive/2008/texmf-dist/fonts/type1/bluesky
/cm/cmmi5.pfb><c:/Program Files/texlive/2008/texmf-dist/fonts/type1/bluesky/cm/
cmmi7.pfb><c:/Program Files/texlive/2008/texmf-dist/fonts/type1/bluesky/cm/cmr1
0.pfb><c:/Program Files/texlive/2008/texmf-dist/fonts/type1/bluesky/cm/cmr5.pfb
><c:/Program Files/texlive/2008/texmf-dist/fonts/type1/bluesky/cm/cmr7.pfb><c:/
Program Files/texlive/2008/texmf-dist/fonts/type1/bluesky/cm/cmsy10.pfb><c:/Pro
gram Files/texlive/2008/texmf-dist/fonts/type1/bluesky/cm/cmsy5.pfb><c:/Program
 Files/texlive/2008/texmf-dist/fonts/type1/bluesky/cm/cmsy7.pfb>
Output written on "Pavlova Rigobon.pdf" (10 pages, 108244 bytes).
PDF statistics:
 83 PDF objects out of 1000 (max. 8388607)
 0 named destinations out of 1000 (max. 131072)
 1 words of extra memory for PDF output out of 10000 (max. 10000000)

