This is pdfTeXk, Version 3.1415926-1.40.9 (Web2C 7.5.7) (format=pdflatex 2009.4.23)  15 MAY 2009 01:17
entering extended mode
 %&-line parsing enabled.
**"Cox Huang.tex"
(./Cox Huang.tex
LaTeX2e <2005/12/01>
Babel <v3.8l> and hyphenation patterns for english, usenglishmax, dumylang, noh
yphenation, german-x-2008-06-18, ngerman-x-2008-06-18, ancientgreek, ibycus, ar
abic, basque, bulgarian, catalan, pinyin, coptic, croatian, czech, danish, dutc
h, esperanto, estonian, farsi, finnish, french, galician, german, ngerman, mono
greek, greek, hungarian, icelandic, indonesian, interlingua, irish, italian, la
tin, mongolian, mongolian2a, bokmal, nynorsk, polish, portuguese, romanian, rus
sian, sanskrit, serbian, slovak, slovenian, spanish, swedish, turkish, ukenglis
h, ukrainian, uppersorbian, welsh, loaded.
(c:/Program Files/texlive/2008/texmf-dist/tex/latex/base/article.cls
Document Class: article 2005/09/16 v1.4f Standard LaTeX document class
(c:/Program Files/texlive/2008/texmf-dist/tex/latex/base/size10.clo
File: size10.clo 2005/09/16 v1.4f Standard LaTeX file (size option)
)
\c@part=\count79
\c@section=\count80
\c@subsection=\count81
\c@subsubsection=\count82
\c@paragraph=\count83
\c@subparagraph=\count84
\c@figure=\count85
\c@table=\count86
\abovecaptionskip=\skip41
\belowcaptionskip=\skip42
\bibindent=\dimen102
)
(c:/Program Files/texlive/2008/texmf-dist/tex/latex/was/gensymb.sty
Package: gensymb 2003/07/02 v1.0 (WaS)
)
(./Cox Huang.aux)
\openout1 = `"Cox Huang.aux"'.

LaTeX Font Info:    Checking defaults for OML/cmm/m/it on input line 12.
LaTeX Font Info:    ... okay on input line 12.
LaTeX Font Info:    Checking defaults for T1/cmr/m/n on input line 12.
LaTeX Font Info:    ... okay on input line 12.
LaTeX Font Info:    Checking defaults for OT1/cmr/m/n on input line 12.
LaTeX Font Info:    ... okay on input line 12.
LaTeX Font Info:    Checking defaults for OMS/cmsy/m/n on input line 12.
LaTeX Font Info:    ... okay on input line 12.
LaTeX Font Info:    Checking defaults for OMX/cmex/m/n on input line 12.
LaTeX Font Info:    ... okay on input line 12.
LaTeX Font Info:    Checking defaults for U/cmr/m/n on input line 12.
LaTeX Font Info:    ... okay on input line 12.
LaTeX Info: Redefining \celsius on input line 12.
Package gensymb Info: Faking symbols for \degree and \celsius on input line 12.



Package gensymb Warning: Not defining \perthousand.

LaTeX Info: Redefining \ohm on input line 12.
Package gensymb Info: Using \Omega for \ohm on input line 12.

Package gensymb Warning: Not defining \micro.

LaTeX Font Info:    External font `cmex10' loaded for size
(Font)              <7> on input line 14.
LaTeX Font Info:    External font `cmex10' loaded for size
(Font)              <5> on input line 14.

Overfull \hbox (83.08374pt too wide) in alignment at lines 14--68
 [][][] []
 []

[1

{c:/Program Files/texlive/2008/texmf-var/fonts/map/pdftex/updmap/pdftex.map}] [
2] [3] (./Cox Huang.aux) ) 
Here is how much of TeX's memory you used:
 256 strings out of 493886
 2946 string characters out of 1148984
 76889 words of memory out of 3000000
 3608 multiletter control sequences out of 10000+50000
 4245 words of font info for 16 fonts, out of 3000000 for 5000
 714 hyphenation exceptions out of 8191
 23i,9n,17p,315b,116s stack positions out of 5000i,500n,10000p,200000b,50000s
<c:/Program Files/texlive/2008/texmf-dist/fonts/type1
/bluesky/cm/cmbx12.pfb><c:/Program Files/texlive/2008/texmf-dist/fonts/type1/bl
uesky/cm/cmex10.pfb><c:/Program Files/texlive/2008/texmf-dist/fonts/type1/blues
ky/cm/cmmi10.pfb><c:/Program Files/texlive/2008/texmf-dist/fonts/type1/bluesky/
cm/cmmi5.pfb><c:/Program Files/texlive/2008/texmf-dist/fonts/type1/bluesky/cm/c
mmi7.pfb><c:/Program Files/texlive/2008/texmf-dist/fonts/type1/bluesky/cm/cmr10
.pfb><c:/Program Files/texlive/2008/texmf-dist/fonts/type1/bluesky/cm/cmr5.pfb>
<c:/Program Files/texlive/2008/texmf-dist/fonts/type1/bluesky/cm/cmr7.pfb><c:/P
rogram Files/texlive/2008/texmf-dist/fonts/type1/bluesky/cm/cmsy10.pfb><c:/Prog
ram Files/texlive/2008/texmf-dist/fonts/type1/bluesky/cm/cmsy5.pfb><c:/Program 
Files/texlive/2008/texmf-dist/fonts/type1/bluesky/cm/cmsy7.pfb>
Output written on "Cox Huang.pdf" (3 pages, 65504 bytes).
PDF statistics:
 56 PDF objects out of 1000 (max. 8388607)
 0 named destinations out of 1000 (max. 131072)
 1 words of extra memory for PDF output out of 10000 (max. 10000000)

